Hit! RGB: (210, 210, 210)
Hit! RGB: (210, 206, 203)
Hit! RGB: (195, 197, 188)
Hit! RGB: (210, 210, 210)
Hit! RGB: (210, 206, 203)
Hit! RGB: (195, 197, 188)
Hit! RGB: (210, 210, 210)
Hit! RGB: (210, 206, 203)
Hit! RGB: (195, 197, 188)
Hit! RGB: (210, 210, 210)
Hit! RGB: (210, 206, 203)
Hit! RGB: (195, 197, 188)
Hit! RGB: (225, 223, 220)
Hit! RGB: (216, 206, 190)
Hit! RGB: (225, 223, 220)
Hit! RGB: (216, 206, 190)
Hit! RGB: (225, 223, 220)
Hit! RGB: (216, 206, 190)
Hit! RGB: (225, 223, 220)
Hit! RGB: (216, 206, 190)
Hit! RGB: (208, 207, 207)
Hit! RGB: (208, 208, 208)
Hit! RGB: (225, 223, 220)
Hit! RGB: (208, 207, 207)
Hit! RGB: (208, 208, 208)
Hit! RGB: (225, 223, 220)
Hit! RGB: (208, 207, 207)
Hit! RGB: (208, 208, 208)
Hit! RGB: (225, 223, 220)
Hit! RGB: (208, 207, 207)
Hit! RGB: (208, 208, 208)
Hit! RGB: (225, 223, 220)
Hit! RGB: (208, 207, 207)
Hit! RGB: (208, 208, 208)
Hit! RGB: (225, 223, 220)
Hit! RGB: (208, 207, 207)
Hit! RGB: (208, 208, 208)
Hit! RGB: (225, 223, 220)
Hit! RGB: (208, 207, 207)
Hit! RGB: (208, 208, 208)
Hit! RGB: (225, 223, 220)
Hit! RGB: (220, 206, 192)
Hit! RGB: (203, 205, 197)
Hit! RGB: (220, 206, 192)
Hit! RGB: (203, 205, 197)
Hit! RGB: (220, 206, 192)
Hit! RGB: (203, 205, 197)
Hit! RGB: (220, 206, 192)
Hit! RGB: (203, 205, 197)
Hit! RGB: (220, 206, 192)
Hit! RGB: (203, 205, 197)
Hit! RGB: (220, 206, 192)
Hit! RGB: (203, 205, 197)
Hit! RGB: (220, 206, 192)
Hit! RGB: (203, 205, 197)
Hit! RGB: (220, 206, 192)
Hit! RGB: (203, 205, 197)
Hit! RGB: (220, 206, 192)
Hit! RGB: (203, 205, 197)
Hit! RGB: (220, 206, 192)
Hit! RGB: (203, 205, 197)
Hit! RGB: (220, 206, 192)
Hit! RGB: (203, 205, 197)
Hit! RGB: (220, 206, 192)
Hit! RGB: (203, 205, 197)
Hit! RGB: (220, 206, 192)
Hit! RGB: (203, 205, 197)
Hit! RGB: (220, 206, 192)
Hit! RGB: (203, 205, 197)
Hit! RGB: (220, 206, 192)
Hit! RGB: (203, 205, 197)
Hit! RGB: (220, 206, 192)
Hit! RGB: (203, 205, 197)
Hit! RGB: (220, 206, 192)
Hit! RGB: (203, 205, 197)
Hit! RGB: (220, 206, 192)
Hit! RGB: (203, 205, 197)
Hit! RGB: (220, 206, 192)
Hit! RGB: (203, 205, 197)
Hit! RGB: (220, 206, 192)
Hit! RGB: (203, 205, 197)
Hit! RGB: (220, 206, 192)
Hit! RGB: (203, 205, 197)
Hit! RGB: (220, 206, 192)
Hit! RGB: (203, 205, 197)
Hit! RGB: (220, 206, 192)
Hit! RGB: (203, 205, 197)
Hit! RGB: (220, 206, 192)
Hit! RGB: (203, 205, 197)
Hit! RGB: (220, 206, 192)
Hit! RGB: (203, 205, 197)
Hit! RGB: (220, 206, 192)
Hit! RGB: (203, 205, 197)
Hit! RGB: (220, 206, 192)
Hit! RGB: (203, 205, 197)
Hit! RGB: (220, 206, 192)
Hit! RGB: (203, 205, 197)
Hit! RGB: (220, 206, 192)
Hit! RGB: (203, 205, 197)
Hit! RGB: (220, 206, 192)
Hit! RGB: (203, 205, 197)
Hit! RGB: (220, 206, 192)
Hit! RGB: (203, 205, 197)
Hit! RGB: (203, 205, 197)
Hit! RGB: (203, 205, 197)
Hit! RGB: (203, 205, 197)
Hit! RGB: (200, 200, 201)
Hit! RGB: (203, 203, 204)
Hit! RGB: (209, 210, 205)
Hit! RGB: (207, 209, 203)
Hit! RGB: (200, 200, 201)
Hit! RGB: (203, 203, 204)
Hit! RGB: (209, 210, 205)
Hit! RGB: (207, 209, 203)
Hit! RGB: (200, 200, 201)
Hit! RGB: (203, 203, 204)
Hit! RGB: (209, 210, 205)
Hit! RGB: (207, 209, 203)
Hit! RGB: (200, 200, 201)
Hit! RGB: (203, 203, 204)
Hit! RGB: (209, 210, 205)
Hit! RGB: (207, 209, 203)
Hit! RGB: (200, 200, 201)
Hit! RGB: (203, 203, 204)
Hit! RGB: (209, 210, 205)
Hit! RGB: (207, 209, 203)
Hit! RGB: (200, 200, 201)
Hit! RGB: (203, 203, 204)
Hit! RGB: (209, 210, 205)
Hit! RGB: (207, 209, 203)
Hit! RGB: (200, 200, 201)
Hit! RGB: (203, 203, 204)
Hit! RGB: (209, 210, 205)
Hit! RGB: (207, 209, 203)
Hit! RGB: (200, 200, 201)
Hit! RGB: (203, 203, 204)
Hit! RGB: (209, 210, 205)
Hit! RGB: (207, 209, 203)
Hit! RGB: (200, 200, 201)
Hit! RGB: (203, 203, 204)
Hit! RGB: (209, 210, 205)
Hit! RGB: (207, 209, 203)
Hit! RGB: (200, 200, 201)
Hit! RGB: (203, 203, 204)
Hit! RGB: (209, 210, 205)
Hit! RGB: (207, 209, 203)
Hit! RGB: (200, 200, 201)
Hit! RGB: (203, 203, 204)
Hit! RGB: (209, 210, 205)
Hit! RGB: (207, 209, 203)
Hit! RGB: (200, 200, 201)
Hit! RGB: (203, 203, 204)
Hit! RGB: (209, 210, 205)
Hit! RGB: (207, 209, 203)
Hit! RGB: (200, 200, 201)
Hit! RGB: (203, 203, 204)
Hit! RGB: (209, 210, 205)
Hit! RGB: (207, 209, 203)
Hit! RGB: (200, 200, 201)
Hit! RGB: (203, 203, 204)
Hit! RGB: (209, 210, 205)
Hit! RGB: (207, 209, 203)
Hit! RGB: (200, 200, 201)
Hit! RGB: (203, 203, 204)
Hit! RGB: (209, 210, 205)
Hit! RGB: (207, 209, 203)
Hit! RGB: (200, 200, 201)
Hit! RGB: (203, 203, 204)
Hit! RGB: (209, 210, 205)
Hit! RGB: (207, 209, 203)
Hit! RGB: (200, 200, 201)
Hit! RGB: (203, 203, 204)
Hit! RGB: (209, 210, 205)
Hit! RGB: (207, 209, 203)
Hit! RGB: (200, 200, 201)
Hit! RGB: (203, 203, 204)
Hit! RGB: (209, 210, 205)
Hit! RGB: (207, 209, 203)
Hit! RGB: (200, 200, 201)
Hit! RGB: (203, 203, 204)
Hit! RGB: (209, 210, 205)
Hit! RGB: (207, 209, 203)
Hit! RGB: (200, 200, 201)
Hit! RGB: (203, 203, 204)
Hit! RGB: (209, 210, 205)
Hit! RGB: (207, 209, 203)
Hit! RGB: (200, 200, 201)
Hit! RGB: (203, 203, 204)
Hit! RGB: (209, 210, 205)
Hit! RGB: (207, 209, 203)
Hit! RGB: (200, 200, 201)
Hit! RGB: (203, 203, 204)
Hit! RGB: (209, 210, 205)
Hit! RGB: (207, 209, 203)
Hit! RGB: (200, 200, 201)
Hit! RGB: (203, 203, 204)
Hit! RGB: (209, 210, 205)
Hit! RGB: (207, 209, 203)
Hit! RGB: (200, 200, 201)
Hit! RGB: (203, 203, 204)
Hit! RGB: (209, 210, 205)
Hit! RGB: (207, 209, 203)
Hit! RGB: (200, 200, 201)
Hit! RGB: (203, 203, 204)
Hit! RGB: (209, 210, 205)
Hit! RGB: (207, 209, 203)
Hit! RGB: (200, 200, 201)
Hit! RGB: (203, 203, 204)
Hit! RGB: (209, 210, 205)
Hit! RGB: (207, 209, 203)
Hit! RGB: (200, 200, 201)
Hit! RGB: (203, 203, 204)
Hit! RGB: (209, 210, 205)
Hit! RGB: (207, 209, 203)
Hit! RGB: (200, 200, 201)
Hit! RGB: (203, 203, 204)
Hit! RGB: (209, 210, 205)
Hit! RGB: (207, 209, 203)
Hit! RGB: (193, 204, 204)
Hit! RGB: (193, 204, 204)
Hit! RGB: (193, 204, 204)
Hit! RGB: (193, 204, 204)
Hit! RGB: (193, 204, 204)
Hit! RGB: (193, 204, 204)
Hit! RGB: (193, 204, 204)
Hit! RGB: (193, 204, 204)
Hit! RGB: (193, 204, 204)
Hit! RGB: (193, 204, 204)
Hit! RGB: (193, 204, 204)
Hit! RGB: (193, 204, 204)
Hit! RGB: (193, 204, 204)
Hit! RGB: (193, 204, 204)
Hit! RGB: (193, 204, 204)
Hit! RGB: (193, 204, 204)
Hit! RGB: (193, 204, 204)
Hit! RGB: (193, 204, 204)
Hit! RGB: (193, 204, 204)
Hit! RGB: (193, 204, 204)
Hit! RGB: (193, 204, 204)
Hit! RGB: (193, 204, 204)
Hit! RGB: (193, 204, 204)
Hit! RGB: (193, 204, 204)
Hit! RGB: (193, 204, 204)
Hit! RGB: (193, 204, 204)
Hit! RGB: (193, 204, 204)
Hit! RGB: (193, 204, 204)
Hit! RGB: (193, 204, 204)
Hit! RGB: (193, 204, 204)
Hit! RGB: (193, 204, 204)
Hit! RGB: (193, 204, 204)
Hit! RGB: (193, 204, 204)
Hit! RGB: (193, 204, 204)
Hit! RGB: (200, 200, 201)
Hit! RGB: (203, 203, 204)
Hit! RGB: (209, 210, 205)
Hit! RGB: (207, 209, 203)
Hit! RGB: (200, 200, 201)
Hit! RGB: (203, 203, 204)
Hit! RGB: (209, 210, 205)
Hit! RGB: (207, 209, 203)
Hit! RGB: (200, 200, 201)
Hit! RGB: (203, 203, 204)
Hit! RGB: (209, 210, 205)
Hit! RGB: (207, 209, 203)
Hit! RGB: (203, 205, 197)
Hit! RGB: (203, 205, 197)
Hit! RGB: (203, 205, 197)
Hit! RGB: (203, 205, 197)
Hit! RGB: (203, 205, 197)
Hit! RGB: (203, 205, 197)
Hit! RGB: (203, 205, 197)
Hit! RGB: (203, 205, 197)
Hit! RGB: (203, 205, 197)
Hit! RGB: (203, 205, 197)
Hit! RGB: (203, 205, 197)
Hit! RGB: (203, 205, 197)
Hit! RGB: (203, 205, 197)
Hit! RGB: (203, 205, 197)
Hit! RGB: (203, 205, 197)
Hit! RGB: (203, 205, 197)
Hit! RGB: (203, 205, 197)
